# This file will contain self-reflection entries.
Timestamp: 2026-02-13T21:40:16.745562
Assistant Reply: Hello! How can I assist you today?
Quality: Good
Uncertainty: Low
Memory Suggestions: []

Timestamp: 2026-02-13T21:40:20.102676
Assistant Reply: Great! How can I assist you further?
Quality: Good
Uncertainty: Low
Memory Suggestions: []

Timestamp: 2026-02-13T21:40:28.916660
Assistant Reply: Cheese is a dairy product made from milk or cream that has been curdled, usually by adding rennet or lemon juice, and then aged. The curds are pressed and formed into various shapes, and then left to age to develop flavor. Cheese comes in many varieties, each with its own unique flavor, texture, and method of production. Some popular types of cheese include cheddar, mozzarella, parmesan, and brie.
Quality: Good
Uncertainty: Low
Memory Suggestions: []

Timestamp: 2026-02-13T22:10:29.746103
Assistant Reply: Hello! How can I assist you today?
Quality: 5
Uncertainty: low
Memory Suggestions: none

Timestamp: 2026-02-13T22:44:27.315251
Assistant Reply: Hello! How can I assist you today?
Quality: 5
Uncertainty: low
Memory Suggestions: none

Timestamp: 2026-02-13T22:51:28.107948
Assistant Reply: Hallo! Hoe kan ik je vandaag assisteren?
Quality: 5
Uncertainty: low
Memory Suggestions: Je hebt een vrolijke en behulpzaam begroeting gegeven. Het is goed om vriendelijk en direct te zijn bij het aanbieden van assistentie.

Timestamp: 2026-02-13T22:51:33.167840
Assistant Reply: Dat is prima. Laat me weten als je later hulp nodig hebt. Ik ben hier om te helpen!
Quality: 5
Uncertainty: low
Memory Suggestions: Store the user's willingness to help in future interactions.

